ADANIPOWER Mar 2017 : Suspicious ROE = -205.8
ADANIPOWER Mar 2018 : Suspicious ROE = -236.56
BEL Mar 2013 : Suspicious ROE = 15183.33
BEL Mar 2014 : Suspicious ROE = 13600.0
BEL Mar 2015 : Suspicious ROE = 17100.0
BEL Mar 2016 : Suspicious ROE = 11141.67
BEL Mar 2017 : Suspicious ROE = 10153.33
BEL Mar 2018 : Suspicious ROE = 4616.13
BEL Mar 2019 : Suspicious ROE = 3851.02
BEL Mar 2020 : Suspicious ROE = 3318.18
BEL Mar 2021 : Suspicious ROE = 3559.32
BEL Mar 2022 : Suspicious ROE = 3478.26
BEL Mar 2023 : Suspicious ROE = 3981.33
BEL Mar 2024 : Suspicious ROE = 4744.05
HAL Mar 2017 : Suspicious ROE = 1966.92
HAL Mar 2018 : Suspicious ROE = 1528.46
HAL Mar 2019 : Suspicious ROE = 1763.91
HAL Mar 2020 : Suspicious ROE = 2059.42
HAL Mar 2021 : Suspicious ROE = 2249.31
HAL Mar 2022 : Suspicious ROE = 3324.18
HAL Mar 2023 : Suspicious ROE = 3283.05
HAL Mar 2024 : Suspicious ROE = 3816.58
LICI Mar 2019 : Suspicious ROE = 324.32
LICI Mar 2020 : Suspicious ROE = 270.46
LT Mar 2013 : Suspicious ROE = 395.15
LT Mar 2014 : Suspicious ROE = 303.42
LT Mar 2015 : Suspicious ROE = 245.11
LT Mar 2016 : Suspicious ROE = 216.09
LT Mar 2017 : Suspicious ROE = 206.3
LT Mar 2018 : Suspicious ROE = 207.36
LT Mar 2019 : Suspicious ROE = 208.81
LT Mar 2020 : Suspicious ROE = 201.59
LT Mar 2021 : Suspicious ROE = 176.9
PNB Mar 2013 : Suspicious ROE = 812.3
PNB Mar 2013 : Suspicious ROE = 812.3
PNB Mar 2013 : Suspicious ROE = 812.3
PNB Mar 2013 : Suspicious ROE = 812.3
PNB Mar 2013 : Suspicious ROE = 812.3
PNB Mar 2014 : Suspicious ROE = 393.36
PNB Mar 2014 : Suspicious ROE = 393.36
PNB Mar 2014 : Suspicious ROE = 393.36
PNB Mar 2014 : Suspicious ROE = 393.36
PNB Mar 2014 : Suspicious ROE = 393.36
PNB Mar 2015 : Suspicious ROE = 223.24
PNB Mar 2015 : Suspicious ROE = 223.24
PNB Mar 2015 : Suspicious ROE = 223.24
PNB Mar 2015 : Suspicious ROE = 223.24
PNB Mar 2015 : Suspicious ROE = 223.24
PNB Mar 2016 : Suspicious ROE = -163.56
PNB Mar 2016 : Suspicious ROE = -163.56
PNB Mar 2016 : Suspicious ROE = -163.56
PNB Mar 2016 : Suspicious ROE = -163.56
PNB Mar 2016 : Suspicious ROE = -163.56
PNB Mar 2018 : Suspicious ROE = -184.37
PNB Mar 2018 : Suspicious ROE = -184.37
PNB Mar 2018 : Suspicious ROE = -184.37
PNB Mar 2018 : Suspicious ROE = -184.37
PNB Mar 2018 : Suspicious ROE = -184.37
PNB Mar 2019 : Suspicious ROE = -128.45
PNB Mar 2019 : Suspicious ROE = -128.45
PNB Mar 2019 : Suspicious ROE = -128.45
PNB Mar 2019 : Suspicious ROE = -128.45
PNB Mar 2019 : Suspicious ROE = -128.45
INDIGO Mar 2013 : Suspicious ROE = 17886.36
INDIGO Mar 2014 : Suspicious ROE = 10772.73
INDIGO Mar 2015 : Suspicious ROE = 4939.39
INDIGO Mar 2016 : Suspicious ROE = 1534.78
INDIGO Mar 2017 : Suspicious ROE = 1692.86
INDIGO Mar 2018 : Suspicious ROE = 2242.0
INDIGO Mar 2020 : Suspicious ROE = -138.55
INDIGO Mar 2021 : Suspicious ROE = -1094.15
INDIGO Mar 2024 : Suspicious ROE = 892.57
ADANIENSOL Mar 2015 : High Debt to Equity = 8.9575
ADANIGREEN Mar 2018 : High Debt to Equity = 7.3557
ADANIGREEN Mar 2019 : High Debt to Equity = 5.7641
ADANIGREEN Mar 2020 : High Debt to Equity = 6.3072
ADANIGREEN Mar 2021 : High Debt to Equity = 11.0041
ADANIGREEN Mar 2022 : High Debt to Equity = 20.2112
ADANIGREEN Mar 2023 : High Debt to Equity = 7.4237
ADANIGREEN Mar 2024 : High Debt to Equity = 6.5953
ADANIPOWER Mar 2013 : High Debt to Equity = 9.7356
ADANIPOWER Mar 2014 : High Debt to Equity = 6.7477
ADANIPOWER Mar 2015 : High Debt to Equity = 7.8152
ADANIPOWER Mar 2016 : High Debt to Equity = 7.0607
ADANIPOWER Mar 2017 : High Debt to Equity = 17.4947
ADANIPOWER Mar 2018 : High Debt to Equity = 59.4319
ADANIPOWER Mar 2019 : High Debt to Equity = 6.0918
ADANIPOWER Mar 2020 : High Debt to Equity = 8.517
AXISBANK Mar 2013 : High Debt to Equity = 8.9346
AXISBANK Mar 2014 : High Debt to Equity = 8.6801
AXISBANK Mar 2015 : High Debt to Equity = 9.0467
AXISBANK Mar 2016 : High Debt to Equity = 8.8155
AXISBANK Mar 2017 : High Debt to Equity = 9.355
AXISBANK Mar 2018 : High Debt to Equity = 9.5227
AXISBANK Mar 2019 : High Debt to Equity = 10.5011
AXISBANK Mar 2020 : High Debt to Equity = 9.2349
AXISBANK Mar 2021 : High Debt to Equity = 8.2104
AXISBANK Mar 2022 : High Debt to Equity = 8.633
AXISBANK Mar 2023 : High Debt to Equity = 8.8768
AXISBANK Mar 2024 : High Debt to Equity = 8.2491
BAJFINANCE Mar 2015 : High Debt to Equity = 5.5531
BAJFINANCE Mar 2017 : High Debt to Equity = 5.1302
BAJFINANCE Mar 2019 : High Debt to Equity = 5.1575
BANKBARODA Mar 2013 : High Debt to Equity = 15.2993
BANKBARODA Mar 2014 : High Debt to Equity = 16.3018
BANKBARODA Mar 2015 : High Debt to Equity = 15.838
BANKBARODA Mar 2016 : High Debt to Equity = 14.5998
BANKBARODA Mar 2017 : High Debt to Equity = 15.0579
BANKBARODA Mar 2018 : High Debt to Equity = 14.4378
BANKBARODA Mar 2019 : High Debt to Equity = 13.3547
BANKBARODA Mar 2020 : High Debt to Equity = 14.0463
BANKBARODA Mar 2021 : High Debt to Equity = 12.9527
BANKBARODA Mar 2022 : High Debt to Equity = 12.9024
BANKBARODA Mar 2023 : High Debt to Equity = 12.7799
BANKBARODA Mar 2024 : High Debt to Equity = 12.1437
CANBK Mar 2013 : High Debt to Equity = 14.9364
CANBK Mar 2014 : High Debt to Equity = 14.8434
CANBK Mar 2015 : High Debt to Equity = 15.3726
CANBK Mar 2016 : High Debt to Equity = 15.6344
CANBK Mar 2017 : High Debt to Equity = 15.4204
CANBK Mar 2018 : High Debt to Equity = 15.2792
CANBK Mar 2019 : High Debt to Equity = 16.9855
CANBK Mar 2020 : High Debt to Equity = 16.2154
CANBK Mar 2021 : High Debt to Equity = 17.0004
CANBK Mar 2022 : High Debt to Equity = 16.1894
CANBK Mar 2023 : High Debt to Equity = 15.8501
CANBK Mar 2024 : High Debt to Equity = 14.8674
CHOLAFIN Mar 2013 : High Debt to Equity = 7.8222
CHOLAFIN Mar 2014 : High Debt to Equity = 7.9034
CHOLAFIN Mar 2015 : High Debt to Equity = 7.4579
CHOLAFIN Mar 2016 : High Debt to Equity = 6.1433
CHOLAFIN Mar 2017 : High Debt to Equity = 5.6005
CHOLAFIN Mar 2018 : High Debt to Equity = 7.479
CHOLAFIN Mar 2019 : High Debt to Equity = 8.1455
CHOLAFIN Mar 2020 : High Debt to Equity = 6.7079
CHOLAFIN Mar 2021 : High Debt to Equity = 6.6385
CHOLAFIN Mar 2022 : High Debt to Equity = 5.8776
CHOLAFIN Mar 2023 : High Debt to Equity = 6.7864
CHOLAFIN Mar 2024 : High Debt to Equity = 6.8634
HDFCBANK Mar 2013 : High Debt to Equity = 9.1583
HDFCBANK Mar 2014 : High Debt to Equity = 9.4341
HDFCBANK Mar 2015 : High Debt to Equity = 8.0717
HDFCBANK Mar 2016 : High Debt to Equity = 8.7423
HDFCBANK Mar 2017 : High Debt to Equity = 8.0784
HDFCBANK Mar 2018 : High Debt to Equity = 8.6207
HDFCBANK Mar 2019 : High Debt to Equity = 7.0294
HDFCBANK Mar 2020 : High Debt to Equity = 7.5587
HDFCBANK Mar 2021 : High Debt to Equity = 7.2037
HDFCBANK Mar 2022 : High Debt to Equity = 7.217
HDFCBANK Mar 2023 : High Debt to Equity = 7.3909
HDFCBANK Mar 2024 : High Debt to Equity = 6.8088
ICICIBANK Mar 2013 : High Debt to Equity = 7.0919
ICICIBANK Mar 2014 : High Debt to Equity = 7.1053
ICICIBANK Mar 2015 : High Debt to Equity = 7.0504
ICICIBANK Mar 2016 : High Debt to Equity = 7.1347
ICICIBANK Mar 2017 : High Debt to Equity = 6.6985
ICICIBANK Mar 2018 : High Debt to Equity = 7.3687
ICICIBANK Mar 2019 : High Debt to Equity = 7.8041
ICICIBANK Mar 2020 : High Debt to Equity = 8.2518
ICICIBANK Mar 2021 : High Debt to Equity = 7.0046
ICICIBANK Mar 2022 : High Debt to Equity = 6.8824
ICICIBANK Mar 2023 : High Debt to Equity = 6.5264
ICICIBANK Mar 2024 : High Debt to Equity = 6.4456
INDUSINDBK Mar 2013 : High Debt to Equity = 8.3324
INDUSINDBK Mar 2014 : High Debt to Equity = 8.3229
INDUSINDBK Mar 2015 : High Debt to Equity = 8.9019
INDUSINDBK Mar 2016 : High Debt to Equity = 6.6679
INDUSINDBK Mar 2017 : High Debt to Equity = 7.2182
INDUSINDBK Mar 2018 : High Debt to Equity = 7.9664
INDUSINDBK Mar 2019 : High Debt to Equity = 9.0755
INDUSINDBK Mar 2020 : High Debt to Equity = 7.5718
INDUSINDBK Mar 2021 : High Debt to Equity = 7.0916
INDUSINDBK Mar 2022 : High Debt to Equity = 7.1493
INDUSINDBK Mar 2023 : High Debt to Equity = 7.0567
INDUSINDBK Mar 2024 : High Debt to Equity = 6.8857
IRFC Mar 2016 : High Debt to Equity = 7.5925
IRFC Mar 2017 : High Debt to Equity = 8.8596
IRFC Mar 2018 : High Debt to Equity = 9.6213
IRFC Mar 2019 : High Debt to Equity = 6.9495
IRFC Mar 2020 : High Debt to Equity = 7.7355
IRFC Mar 2021 : High Debt to Equity = 8.9977
IRFC Mar 2022 : High Debt to Equity = 9.4748
IRFC Mar 2023 : High Debt to Equity = 9.3761
IRFC Mar 2024 : High Debt to Equity = 8.3784
KOTAKBANK Mar 2013 : High Debt to Equity = 5.6043
KOTAKBANK Mar 2016 : High Debt to Equity = 5.3854
KOTAKBANK Mar 2017 : High Debt to Equity = 5.3318
KOTAKBANK Mar 2019 : High Debt to Equity = 5.0495
LICI Mar 2019 : High Debt to Equity = 332.5938
LICI Mar 2020 : High Debt to Equity = 252.9082
LODHA Mar 2019 : High Debt to Equity = 6.6756
PFC Mar 2013 : High Debt to Equity = 5.8899
PFC Mar 2014 : High Debt to Equity = 5.785
PFC Mar 2015 : High Debt to Equity = 5.7942
PFC Mar 2016 : High Debt to Equity = 5.5696
PFC Mar 2017 : High Debt to Equity = 5.5094
PFC Mar 2018 : High Debt to Equity = 11.0747
PFC Mar 2019 : High Debt to Equity = 11.449
PFC Mar 2020 : High Debt to Equity = 12.0761
PFC Mar 2021 : High Debt to Equity = 10.8559
PFC Mar 2022 : High Debt to Equity = 9.2147
PFC Mar 2023 : High Debt to Equity = 8.9256
PFC Mar 2024 : High Debt to Equity = 8.5219
PNB Mar 2013 : High Debt to Equity = 10.8333
PNB Mar 2013 : High Debt to Equity = 10.8333
PNB Mar 2013 : High Debt to Equity = 10.8333
PNB Mar 2013 : High Debt to Equity = 10.8333
PNB Mar 2013 : High Debt to Equity = 10.8333
PNB Mar 2014 : High Debt to Equity = 10.8223
PNB Mar 2014 : High Debt to Equity = 10.8223
PNB Mar 2014 : High Debt to Equity = 10.8223
PNB Mar 2014 : High Debt to Equity = 10.8223
PNB Mar 2014 : High Debt to Equity = 10.8223
PNB Mar 2015 : High Debt to Equity = 10.4376
PNB Mar 2015 : High Debt to Equity = 10.4376
PNB Mar 2015 : High Debt to Equity = 10.4376
PNB Mar 2015 : High Debt to Equity = 10.4376
PNB Mar 2015 : High Debt to Equity = 10.4376
PNB Mar 2016 : High Debt to Equity = 12.1221
PNB Mar 2016 : High Debt to Equity = 12.1221
PNB Mar 2016 : High Debt to Equity = 12.1221
PNB Mar 2016 : High Debt to Equity = 12.1221
PNB Mar 2016 : High Debt to Equity = 12.1221
PNB Mar 2017 : High Debt to Equity = 6.3638
PNB Mar 2017 : High Debt to Equity = 6.3638
PNB Mar 2017 : High Debt to Equity = 6.3638
PNB Mar 2017 : High Debt to Equity = 6.3638
PNB Mar 2017 : High Debt to Equity = 6.3638
PNB Mar 2018 : High Debt to Equity = 8.1865
PNB Mar 2018 : High Debt to Equity = 8.1865
PNB Mar 2018 : High Debt to Equity = 8.1865
PNB Mar 2018 : High Debt to Equity = 8.1865
PNB Mar 2018 : High Debt to Equity = 8.1865
PNB Mar 2019 : High Debt to Equity = 9.665
PNB Mar 2019 : High Debt to Equity = 9.665
PNB Mar 2019 : High Debt to Equity = 9.665
PNB Mar 2019 : High Debt to Equity = 9.665
PNB Mar 2019 : High Debt to Equity = 9.665
PNB Mar 2020 : High Debt to Equity = 8.5235
PNB Mar 2020 : High Debt to Equity = 8.5235
PNB Mar 2020 : High Debt to Equity = 8.5235
PNB Mar 2020 : High Debt to Equity = 8.5235
PNB Mar 2020 : High Debt to Equity = 8.5235
PNB Mar 2021 : High Debt to Equity = 6.6983
PNB Mar 2021 : High Debt to Equity = 6.6983
PNB Mar 2021 : High Debt to Equity = 6.6983
PNB Mar 2021 : High Debt to Equity = 6.6983
PNB Mar 2021 : High Debt to Equity = 6.6983
PNB Mar 2022 : High Debt to Equity = 5.4036
PNB Mar 2022 : High Debt to Equity = 5.4036
PNB Mar 2022 : High Debt to Equity = 5.4036
PNB Mar 2022 : High Debt to Equity = 5.4036
PNB Mar 2022 : High Debt to Equity = 5.4036
RECLTD Mar 2013 : High Debt to Equity = 6.1473
RECLTD Mar 2014 : High Debt to Equity = 6.0651
RECLTD Mar 2015 : High Debt to Equity = 6.0218
RECLTD Mar 2016 : High Debt to Equity = 5.8565
RECLTD Mar 2018 : High Debt to Equity = 6.2712
RECLTD Mar 2019 : High Debt to Equity = 7.0703
RECLTD Mar 2020 : High Debt to Equity = 8.0879
RECLTD Mar 2021 : High Debt to Equity = 7.5341
RECLTD Mar 2022 : High Debt to Equity = 6.4903
RECLTD Mar 2023 : High Debt to Equity = 6.5518
RECLTD Mar 2024 : High Debt to Equity = 6.4249
SHRIRAMFIN Mar 2015 : High Debt to Equity = 5.0394
SHRIRAMFIN Mar 2018 : High Debt to Equity = 5.9993
SHRIRAMFIN Mar 2019 : High Debt to Equity = 5.5074
SHRIRAMFIN Mar 2020 : High Debt to Equity = 5.2219
UNIONBANK Mar 2013 : High Debt to Equity = 16.6054
UNIONBANK Mar 2014 : High Debt to Equity = 17.5528
UNIONBANK Mar 2015 : High Debt to Equity = 17.7204
UNIONBANK Mar 2016 : High Debt to Equity = 16.2597
UNIONBANK Mar 2017 : High Debt to Equity = 17.3669
UNIONBANK Mar 2018 : High Debt to Equity = 18.0567
UNIONBANK Mar 2019 : High Debt to Equity = 17.1702
UNIONBANK Mar 2020 : High Debt to Equity = 14.8617
UNIONBANK Mar 2021 : High Debt to Equity = 15.1005
UNIONBANK Mar 2022 : High Debt to Equity = 15.3203
UNIONBANK Mar 2023 : High Debt to Equity = 14.7589
UNIONBANK Mar 2024 : High Debt to Equity = 12.8237
ADANIENSOL Mar 2015 : Low Interest Coverage = 1.4247
ADANIGREEN Mar 2017 : Low Interest Coverage = 1.4461
ADANIGREEN Mar 2019 : Low Interest Coverage = 1.4264
ADANIGREEN Mar 2020 : Low Interest Coverage = 1.3457
ADANIGREEN Mar 2021 : Low Interest Coverage = 1.3477
ADANIPOWER Mar 2013 : Low Interest Coverage = 0.69
ADANIPOWER Mar 2014 : Low Interest Coverage = 1.1365
ADANIPOWER Mar 2015 : Low Interest Coverage = 1.206
ADANIPOWER Mar 2017 : Low Interest Coverage = 0.3921
ADANIPOWER Mar 2018 : Low Interest Coverage = 1.1113
ADANIPOWER Mar 2019 : Low Interest Coverage = 1.3136
ADANIPOWER Mar 2020 : Low Interest Coverage = 1.1396
AXISBANK Mar 2013 : Low Interest Coverage = 1.2697
AXISBANK Mar 2014 : Low Interest Coverage = 1.3034
AXISBANK Mar 2015 : Low Interest Coverage = 1.3313
AXISBANK Mar 2016 : Low Interest Coverage = 1.4273
BAJFINANCE Mar 2022 : Low Interest Coverage = -700.6471
BAJFINANCE Mar 2023 : Low Interest Coverage = -2546.4
BHARTIARTL Mar 2020 : Low Interest Coverage = -0.0833
BHEL Mar 2016 : Low Interest Coverage = 0.375
BHEL Mar 2020 : Low Interest Coverage = 0.7455
BHEL Mar 2021 : Low Interest Coverage = -5.6874
DLF Mar 2014 : Low Interest Coverage = 1.4722
DLF Mar 2019 : Low Interest Coverage = 1.4219
HDFCBANK Mar 2024 : Low Interest Coverage = 1.4008
HINDALCO Mar 2015 : Low Interest Coverage = -114.7175
HINDALCO Mar 2021 : Low Interest Coverage = -115.9696
ICICIBANK Mar 2013 : Low Interest Coverage = 1.0795
ICICIBANK Mar 2014 : Low Interest Coverage = 1.0911
ICICIBANK Mar 2015 : Low Interest Coverage = 1.0989
ICICIBANK Mar 2016 : Low Interest Coverage = 1.24
ICICIBANK Mar 2017 : Low Interest Coverage = 1.2158
ICICIBANK Mar 2018 : Low Interest Coverage = 1.2804
ICICIBANK Mar 2019 : Low Interest Coverage = 1.4109
ICICIBANK Mar 2020 : Low Interest Coverage = 1.3134
ICICIBANK Mar 2021 : Low Interest Coverage = 1.2644
ICICIBANK Mar 2022 : Low Interest Coverage = 1.3
ICICIBANK Mar 2023 : Low Interest Coverage = 1.3492
ICICIBANK Mar 2024 : Low Interest Coverage = 1.3009
ICICIGI Mar 2017 : Low Interest Coverage = -3306.5
ICICIGI Mar 2019 : Low Interest Coverage = -4754.5
INDUSINDBK Mar 2013 : Low Interest Coverage = 1.4314
INDUSINDBK Mar 2014 : Low Interest Coverage = 1.3533
INDUSINDBK Mar 2015 : Low Interest Coverage = 1.2308
INDUSINDBK Mar 2016 : Low Interest Coverage = 1.2712
INDUSINDBK Mar 2017 : Low Interest Coverage = 1.3635
INDUSINDBK Mar 2018 : Low Interest Coverage = 1.3811
IRFC Mar 2016 : Low Interest Coverage = 1.3533
IRFC Mar 2017 : Low Interest Coverage = 1.3097
IRFC Mar 2018 : Low Interest Coverage = 1.3905
IRFC Mar 2019 : Low Interest Coverage = 1.3546
IRFC Mar 2020 : Low Interest Coverage = 1.3141
IRFC Mar 2021 : Low Interest Coverage = 1.3933
IRFC Mar 2022 : Low Interest Coverage = 1.4337
IRFC Mar 2023 : Low Interest Coverage = 1.3543
IRFC Mar 2024 : Low Interest Coverage = 1.3195
JINDALSTEL Mar 2015 : Low Interest Coverage = 1.4139
JINDALSTEL Mar 2016 : Low Interest Coverage = 1.032
JINDALSTEL Mar 2017 : Low Interest Coverage = 1.2633
JSWSTEEL Mar 2016 : Low Interest Coverage = 1.2374
KOTAKBANK Mar 2013 : Low Interest Coverage = 1.2883
KOTAKBANK Mar 2014 : Low Interest Coverage = 1.333
KOTAKBANK Mar 2015 : Low Interest Coverage = 1.189
KOTAKBANK Mar 2017 : Low Interest Coverage = 1.2705
KOTAKBANK Mar 2018 : Low Interest Coverage = 1.2271
KOTAKBANK Mar 2019 : Low Interest Coverage = 1.2225
KOTAKBANK Mar 2020 : Low Interest Coverage = 1.3357
KOTAKBANK Mar 2021 : Low Interest Coverage = 1.2626
KOTAKBANK Mar 2022 : Low Interest Coverage = 1.2299
KOTAKBANK Mar 2023 : Low Interest Coverage = 1.2878
KOTAKBANK Mar 2024 : Low Interest Coverage = 1.2364
LODHA Mar 2021 : Low Interest Coverage = 1.0942
NAUKRI Mar 2020 : Low Interest Coverage = -4.5714
PFC Mar 2013 : Low Interest Coverage = 0.5456
PFC Mar 2014 : Low Interest Coverage = 0.5845
PFC Mar 2015 : Low Interest Coverage = 0.547
PFC Mar 2016 : Low Interest Coverage = 0.5515
PFC Mar 2017 : Low Interest Coverage = 0.3164
PFC Mar 2018 : Low Interest Coverage = 0.3894
PFC Mar 2019 : Low Interest Coverage = 0.5163
PFC Mar 2020 : Low Interest Coverage = 0.3456
PFC Mar 2021 : Low Interest Coverage = 0.4457
PFC Mar 2022 : Low Interest Coverage = 0.5238
PFC Mar 2023 : Low Interest Coverage = 0.5646
PFC Mar 2024 : Low Interest Coverage = 0.5804
RECLTD Mar 2018 : Low Interest Coverage = 1.4473
RECLTD Mar 2020 : Low Interest Coverage = 1.3708
SHRIRAMFIN Mar 2013 : Low Interest Coverage = 0.707
SHRIRAMFIN Mar 2014 : Low Interest Coverage = 0.4732
SHRIRAMFIN Mar 2015 : Low Interest Coverage = 0.3598
SHRIRAMFIN Mar 2016 : Low Interest Coverage = 0.3591
SHRIRAMFIN Mar 2017 : Low Interest Coverage = 0.378
SHRIRAMFIN Mar 2018 : Low Interest Coverage = 0.6135
SHRIRAMFIN Mar 2019 : Low Interest Coverage = 0.5052
SHRIRAMFIN Mar 2020 : Low Interest Coverage = 0.4305
SHRIRAMFIN Mar 2021 : Low Interest Coverage = 0.3758
SHRIRAMFIN Mar 2022 : Low Interest Coverage = 0.377
SHRIRAMFIN Mar 2023 : Low Interest Coverage = 0.6788
SHRIRAMFIN Mar 2024 : Low Interest Coverage = 0.6767
TATAMOTORS Mar 2019 : Low Interest Coverage = -0.3511
TATASTEEL Mar 2013 : Low Interest Coverage = 1.3634
TRENT Mar 2021 : Low Interest Coverage = 1.1992
UNIONBANK Mar 2013 : Low Interest Coverage = 0.1817
UNIONBANK Mar 2014 : Low Interest Coverage = 0.1043
UNIONBANK Mar 2015 : Low Interest Coverage = 0.1262
UNIONBANK Mar 2016 : Low Interest Coverage = 0.084
UNIONBANK Mar 2017 : Low Interest Coverage = 0.0252
UNIONBANK Mar 2018 : Low Interest Coverage = -0.2658
UNIONBANK Mar 2019 : Low Interest Coverage = -0.1489
UNIONBANK Mar 2020 : Low Interest Coverage = -0.1445
UNIONBANK Mar 2021 : Low Interest Coverage = 0.0734
UNIONBANK Mar 2022 : Low Interest Coverage = 0.2317
UNIONBANK Mar 2023 : Low Interest Coverage = 0.2684
UNIONBANK Mar 2024 : Low Interest Coverage = 0.3536
